<?xml version="1.0" encoding="UTF-8"?>
<!-- Generated by org.testng.reporters.JUnitReportReporter -->
<testsuite hostname="DESKTOP-F52EDBA" failures="0" tests="1" name="practice.MavenCMDParametersTest" time="0.012" errors="0" timestamp="2023-03-26T12:50:51 IST" skipped="0">
  <testcase classname="practice.MavenCMDParametersTest" name="parametersTest" time="0.012"/>
  <system-out/>
</testsuite> <!-- practice.MavenCMDParametersTest -->
