<?xml version="1.0" encoding="UTF-8"?>
<!-- Generated by org.testng.reporters.JUnitReportReporter -->
<testsuite hostname="DESKTOP-F52EDBA" failures="0" tests="1" name="practice.HandleAnyNotificationTest" time="14.557" errors="0" timestamp="2023-03-09T10:19:27 IST" skipped="0">
  <testcase classname="practice.HandleAnyNotificationTest" name="mediaStreamNotificationTest" time="14.557"/>
  <system-out/>
</testsuite> <!-- practice.HandleAnyNotificationTest -->
