<?xml version="1.0" encoding="UTF-8"?>
<!-- Generated by org.testng.reporters.JUnitReportReporter -->
<testsuite hostname="DESKTOP-F52EDBA" failures="0" tests="1" name="practice.XmlParameterizationTest" time="9.966" errors="0" timestamp="2023-03-06T10:26:38 IST" skipped="0">
  <testcase classname="practice.XmlParameterizationTest" name="loginTest" time="9.966"/>
  <system-out/>
</testsuite> <!-- practice.XmlParameterizationTest -->
