<?xml version="1.0" encoding="UTF-8"?>
<!-- Generated by org.testng.reporters.JUnitReportReporter -->
<testsuite hostname="DESKTOP-F52EDBA" failures="0" tests="1" name="practice.MavenCMDParameters2Test" time="6.867" errors="0" timestamp="2023-03-26T17:10:43 IST" skipped="0">
  <testcase classname="practice.MavenCMDParameters2Test" name="mvnCMDTest" time="6.867"/>
  <system-out/>
</testsuite> <!-- practice.MavenCMDParameters2Test -->
